Flow report for Modulo2345Counter
Mon Nov 11 17:14:06 2024
Quartus Prime Version 20.1.1 Build 720 11/11/2020 SJ Standard Edition


---------------------
; Table of Contents ;
---------------------
  1. Legal Notice
  2. Flow Summary
  3. Flow Settings
  4. Flow Non-Default Global Settings
  5. Flow Elapsed Time
  6. Flow OS Summary
  7. Flow Log
  8. Flow Messages
  9. Flow Suppressed Messages



----------------
; Legal Notice ;
----------------
Copyright (C) 2020  Intel Corporation. All rights reserved.
Your use of Intel Corporation's design tools, logic functions 
and other software and tools, and any partner logic 
functions, and any output files from any of the foregoing 
(including device programming or simulation files), and any 
associated documentation or information are expressly subject 
to the terms and conditions of the Intel Program License 
Subscription Agreement, the Intel Quartus Prime License Agreement,
the Intel FPGA IP License Agreement, or other applicable license
agreement, including, without limitation, that your use is for
the sole purpose of programming logic devices manufactured by
Intel and sold by Intel or its authorized distributors.  Please
refer to the applicable agreement for further details, at
https://fpgasoftware.intel.com/eula.



+--------------------------------------------------------------------------------------+
; Flow Summary                                                                         ;
+------------------------------------+-------------------------------------------------+
; Flow Status                        ; Successful - Mon Nov 11 17:14:04 2024           ;
; Quartus Prime Version              ; 20.1.1 Build 720 11/11/2020 SJ Standard Edition ;
; Revision Name                      ; Modulo2345Counter                               ;
; Top-level Entity Name              ; T_FF                                            ;
; Family                             ; Cyclone IV E                                    ;
; Device                             ; EP4CE115F29C7                                   ;
; Timing Models                      ; Final                                           ;
; Total logic elements               ; 2 / 114,480 ( < 1 % )                           ;
;     Total combinational functions  ; 2 / 114,480 ( < 1 % )                           ;
;     Dedicated logic registers      ; 1 / 114,480 ( < 1 % )                           ;
; Total registers                    ; 1                                               ;
; Total pins                         ; 8 / 529 ( 2 % )                                 ;
; Total virtual pins                 ; 0                                               ;
; Total memory bits                  ; 0 / 3,981,312 ( 0 % )                           ;
; Embedded Multiplier 9-bit elements ; 0 / 532 ( 0 % )                                 ;
; Total PLLs                         ; 0 / 4 ( 0 % )                                   ;
+------------------------------------+-------------------------------------------------+


+-----------------------------------------+
; Flow Settings                           ;
+-------------------+---------------------+
; Option            ; Setting             ;
+-------------------+---------------------+
; Start date & time ; 11/11/2024 17:13:43 ;
; Main task         ; Compilation         ;
; Revision Name     ; Modulo2345Counter   ;
+-------------------+---------------------+


+-----------------------------------------------------------------------------------------------------------------------------+
; Flow Non-Default Global Settings                                                                                            ;
+-------------------------------------+----------------------------------------+-------------------+-------------+------------+
; Assignment Name                     ; Value                                  ; Default Value     ; Entity Name ; Section Id ;
+-------------------------------------+----------------------------------------+-------------------+-------------+------------+
; COMPILER_SIGNATURE_ID               ; 181124907755379.173135962314804        ; --                ; --          ; --         ;
; MAX_CORE_JUNCTION_TEMP              ; 85                                     ; --                ; --          ; --         ;
; MIN_CORE_JUNCTION_TEMP              ; 0                                      ; --                ; --          ; --         ;
; NOMINAL_CORE_SUPPLY_VOLTAGE         ; 1.2V                                   ; --                ; --          ; --         ;
; PARTITION_COLOR                     ; -- (Not supported for targeted family) ; --                ; T_FF        ; Top        ;
; PARTITION_FITTER_PRESERVATION_LEVEL ; -- (Not supported for targeted family) ; --                ; T_FF        ; Top        ;
; PARTITION_NETLIST_TYPE              ; -- (Not supported for targeted family) ; --                ; T_FF        ; Top        ;
; POWER_BOARD_THERMAL_MODEL           ; None (CONSERVATIVE)                    ; --                ; --          ; --         ;
; POWER_PRESET_COOLING_SOLUTION       ; 23 MM HEAT SINK WITH 200 LFPM AIRFLOW  ; --                ; --          ; --         ;
; PROJECT_OUTPUT_DIRECTORY            ; output_files                           ; --                ; --          ; --         ;
; TOP_LEVEL_ENTITY                    ; T_FF                                   ; Modulo2345Counter ; --          ; --         ;
+-------------------------------------+----------------------------------------+-------------------+-------------+------------+


+--------------------------------------------------------------------------------------------------------------------------+
; Flow Elapsed Time                                                                                                        ;
+----------------------+--------------+-------------------------+---------------------+------------------------------------+
; Module Name          ; Elapsed Time ; Average Processors Used ; Peak Virtual Memory ; Total CPU Time (on all processors) ;
+----------------------+--------------+-------------------------+---------------------+------------------------------------+
; Analysis & Synthesis ; 00:00:07     ; 1.0                     ; 4815 MB             ; 00:00:15                           ;
; Fitter               ; 00:00:09     ; 1.0                     ; 5882 MB             ; 00:00:15                           ;
; Assembler            ; 00:00:03     ; 1.0                     ; 4694 MB             ; 00:00:02                           ;
; Timing Analyzer      ; 00:00:02     ; 1.0                     ; 4874 MB             ; 00:00:01                           ;
; Total                ; 00:00:21     ; --                      ; --                  ; 00:00:33                           ;
+----------------------+--------------+-------------------------+---------------------+------------------------------------+


+------------------------------------------------------------------------------------+
; Flow OS Summary                                                                    ;
+----------------------+------------------+------------+------------+----------------+
; Module Name          ; Machine Hostname ; OS Name    ; OS Version ; Processor type ;
+----------------------+------------------+------------+------------+----------------+
; Analysis & Synthesis ; FR-H117-06       ; Windows 10 ; 10.0       ; x86_64         ;
; Fitter               ; FR-H117-06       ; Windows 10 ; 10.0       ; x86_64         ;
; Assembler            ; FR-H117-06       ; Windows 10 ; 10.0       ; x86_64         ;
; Timing Analyzer      ; FR-H117-06       ; Windows 10 ; 10.0       ; x86_64         ;
+----------------------+------------------+------------+------------+----------------+


------------
; Flow Log ;
------------
quartus_map --read_settings_files=on --write_settings_files=off Modulo2345Counter -c Modulo2345Counter
quartus_fit --read_settings_files=off --write_settings_files=off Modulo2345Counter -c Modulo2345Counter
quartus_asm --read_settings_files=off --write_settings_files=off Modulo2345Counter -c Modulo2345Counter
quartus_sta Modulo2345Counter -c Modulo2345Counter



